This is pdfTeX, Version 3.14159265-2.6-1.40.21 (TeX Live 2020/W32TeX) (preloaded format=pdflatex 2020.11.23)  30 JAN 2021 16:34
entering extended mode
 restricted \write18 enabled.
 %&-line parsing enabled.
**ANoteOnChannelModel_TVT.tex
(./ANoteOnChannelModel_TVT.tex
LaTeX2e <2020-10-01> patch level 2
L3 programming layer <2020-10-27> xparse <2020-03-03> (./IEEEtran.cls
Document Class: IEEEtran 2015/08/26 V1.8b by Michael Shell
-- See the "IEEEtran_HOWTO" manual for usage information.
-- http://www.michaelshell.org/tex/ieeetran/
\@IEEEtrantmpdimenA=\dimen138
\@IEEEtrantmpdimenB=\dimen139
\@IEEEtrantmpdimenC=\dimen140
\@IEEEtrantmpcountA=\count175
\@IEEEtrantmpcountB=\count176
\@IEEEtrantmpcountC=\count177
\@IEEEtrantmptoksA=\toks15
LaTeX Font Info:    Trying to load font information for OT1+ptm on input line 5
03.
(c:/texlive/2020/texmf-dist/tex/latex/psnfss/ot1ptm.fd
File: ot1ptm.fd 2001/06/04 font definitions for OT1/ptm.
)
** ATTENTION: Single column mode is not typically used with IEEE publications.
-- Using 8.5in x 11in (letter) paper.
-- Using PDF output.
\@IEEEnormalsizeunitybaselineskip=\dimen141
-- This is an 11 point document.
\CLASSINFOnormalsizebaselineskip=\dimen142
\CLASSINFOnormalsizeunitybaselineskip=\dimen143
\IEEEnormaljot=\dimen144
LaTeX Font Info:    Font shape `OT1/ptm/bx/n' in size <6> not available
(Font)              Font shape `OT1/ptm/b/n' tried instead on input line 1090.
LaTeX Font Info:    Font shape `OT1/ptm/bx/it' in size <6> not available
(Font)              Font shape `OT1/ptm/b/it' tried instead on input line 1090.

LaTeX Font Info:    Font shape `OT1/ptm/bx/n' in size <8> not available
(Font)              Font shape `OT1/ptm/b/n' tried instead on input line 1090.
LaTeX Font Info:    Font shape `OT1/ptm/bx/it' in size <8> not available
(Font)              Font shape `OT1/ptm/b/it' tried instead on input line 1090.

LaTeX Font Info:    Font shape `OT1/ptm/bx/n' in size <9> not available
(Font)              Font shape `OT1/ptm/b/n' tried instead on input line 1090.
LaTeX Font Info:    Font shape `OT1/ptm/bx/it' in size <9> not available
(Font)              Font shape `OT1/ptm/b/it' tried instead on input line 1090.

LaTeX Font Info:    Font shape `OT1/ptm/bx/n' in size <10> not available
(Font)              Font shape `OT1/ptm/b/n' tried instead on input line 1090.
LaTeX Font Info:    Font shape `OT1/ptm/bx/it' in size <10> not available
(Font)              Font shape `OT1/ptm/b/it' tried instead on input line 1090.

LaTeX Font Info:    Font shape `OT1/ptm/bx/n' in size <11> not available
(Font)              Font shape `OT1/ptm/b/n' tried instead on input line 1090.
LaTeX Font Info:    Font shape `OT1/ptm/bx/it' in size <11> not available
(Font)              Font shape `OT1/ptm/b/it' tried instead on input line 1090.

LaTeX Font Info:    Font shape `OT1/ptm/bx/n' in size <12> not available
(Font)              Font shape `OT1/ptm/b/n' tried instead on input line 1090.
LaTeX Font Info:    Font shape `OT1/ptm/bx/it' in size <12> not available
(Font)              Font shape `OT1/ptm/b/it' tried instead on input line 1090.

LaTeX Font Info:    Font shape `OT1/ptm/bx/n' in size <17> not available
(Font)              Font shape `OT1/ptm/b/n' tried instead on input line 1090.
LaTeX Font Info:    Font shape `OT1/ptm/bx/it' in size <17> not available
(Font)              Font shape `OT1/ptm/b/it' tried instead on input line 1090.

LaTeX Font Info:    Font shape `OT1/ptm/bx/n' in size <20> not available
(Font)              Font shape `OT1/ptm/b/n' tried instead on input line 1090.
LaTeX Font Info:    Font shape `OT1/ptm/bx/it' in size <20> not available
(Font)              Font shape `OT1/ptm/b/it' tried instead on input line 1090.

LaTeX Font Info:    Font shape `OT1/ptm/bx/n' in size <24> not available
(Font)              Font shape `OT1/ptm/b/n' tried instead on input line 1090.
LaTeX Font Info:    Font shape `OT1/ptm/bx/it' in size <24> not available
(Font)              Font shape `OT1/ptm/b/it' tried instead on input line 1090.

\IEEEquantizedlength=\dimen145
\IEEEquantizedlengthdiff=\dimen146
\IEEEquantizedtextheightdiff=\dimen147
\IEEEilabelindentA=\dimen148
\IEEEilabelindentB=\dimen149
\IEEEilabelindent=\dimen150
\IEEEelabelindent=\dimen151
\IEEEdlabelindent=\dimen152
\IEEElabelindent=\dimen153
\IEEEiednormlabelsep=\dimen154
\IEEEiedmathlabelsep=\dimen155
\IEEEiedtopsep=\skip47
\c@section=\count178
\c@subsection=\count179
\c@subsubsection=\count180
\c@paragraph=\count181
\c@IEEEsubequation=\count182
\abovecaptionskip=\skip48
\belowcaptionskip=\skip49
\c@figure=\count183
\c@table=\count184
\@IEEEeqnnumcols=\count185
\@IEEEeqncolcnt=\count186
\@IEEEsubeqnnumrollback=\count187
\@IEEEquantizeheightA=\dimen156
\@IEEEquantizeheightB=\dimen157
\@IEEEquantizeheightC=\dimen158
\@IEEEquantizeprevdepth=\dimen159
\@IEEEquantizemultiple=\count188
\@IEEEquantizeboxA=\box47
\@IEEEtmpitemindent=\dimen160
\IEEEPARstartletwidth=\dimen161
\c@IEEEbiography=\count189
\@IEEEtranrubishbin=\box48
) (c:/texlive/2020/texmf-dist/tex/latex/amsfonts/amssymb.sty
Package: amssymb 2013/01/14 v3.01 AMS font symbols

(c:/texlive/2020/texmf-dist/tex/latex/amsfonts/amsfonts.sty
Package: amsfonts 2013/01/14 v3.01 Basic AMSFonts support
\@emptytoks=\toks16
\symAMSa=\mathgroup4
\symAMSb=\mathgroup5
LaTeX Font Info:    Redeclaring math symbol \hbar on input line 98.
LaTeX Font Info:    Overwriting math alphabet `\mathfrak' in version `bold'
(Font)                  U/euf/m/n --> U/euf/b/n on input line 106.
))
(c:/texlive/2020/texmf-dist/tex/latex/amsmath/amsmath.sty
Package: amsmath 2020/09/23 v2.17i AMS math features
\@mathmargin=\skip50

For additional information on amsmath, use the `?' option.
(c:/texlive/2020/texmf-dist/tex/latex/amsmath/amstext.sty
Package: amstext 2000/06/29 v2.01 AMS text

(c:/texlive/2020/texmf-dist/tex/latex/amsmath/amsgen.sty
File: amsgen.sty 1999/11/30 v2.0 generic functions
\@emptytoks=\toks17
\ex@=\dimen162
))
(c:/texlive/2020/texmf-dist/tex/latex/amsmath/amsbsy.sty
Package: amsbsy 1999/11/29 v1.2d Bold Symbols
\pmbraise@=\dimen163
)
(c:/texlive/2020/texmf-dist/tex/latex/amsmath/amsopn.sty
Package: amsopn 2016/03/08 v2.02 operator names
)
\inf@bad=\count190
LaTeX Info: Redefining \frac on input line 234.
\uproot@=\count191
\leftroot@=\count192
LaTeX Info: Redefining \overline on input line 399.
\classnum@=\count193
\DOTSCASE@=\count194
LaTeX Info: Redefining \ldots on input line 496.
LaTeX Info: Redefining \dots on input line 499.
LaTeX Info: Redefining \cdots on input line 620.
\Mathstrutbox@=\box49
\strutbox@=\box50
\big@size=\dimen164
LaTeX Font Info:    Redeclaring font encoding OML on input line 743.
LaTeX Font Info:    Redeclaring font encoding OMS on input line 744.
\macc@depth=\count195
\c@MaxMatrixCols=\count196
\dotsspace@=\muskip16
\c@parentequation=\count197
\dspbrk@lvl=\count198
\tag@help=\toks18
\row@=\count199
\column@=\count266
\maxfields@=\count267
\andhelp@=\toks19
\eqnshift@=\dimen165
\alignsep@=\dimen166
\tagshift@=\dimen167
\tagwidth@=\dimen168
\totwidth@=\dimen169
\lineht@=\dimen170
\@envbody=\toks20
\multlinegap=\skip51
\multlinetaggap=\skip52
\mathdisplay@stack=\toks21
LaTeX Info: Redefining \[ on input line 2923.
LaTeX Info: Redefining \] on input line 2924.
)
(c:/texlive/2020/texmf-dist/tex/latex/base/latexsym.sty
Package: latexsym 1998/08/17 v2.2e Standard LaTeX package (lasy symbols)
\symlasy=\mathgroup6
LaTeX Font Info:    Overwriting symbol font `lasy' in version `bold'
(Font)                  U/lasy/m/n --> U/lasy/b/n on input line 52.
)
(c:/texlive/2020/texmf-dist/tex/generic/epsf/epsf.sty
This is `epsf.tex' v2.7.4 <14 February 2011>
\epsffilein=\read2
\epsfframemargin=\dimen171
\epsfframethickness=\dimen172
\epsfrsize=\dimen173
\epsftmp=\dimen174
\epsftsize=\dimen175
\epsfxsize=\dimen176
\epsfysize=\dimen177
\pspoints=\dimen178
) (c:/texlive/2020/texmf-dist/tex/latex/graphics/graphicx.sty
Package: graphicx 2020/09/09 v1.2b Enhanced LaTeX Graphics (DPC,SPQR)

(c:/texlive/2020/texmf-dist/tex/latex/graphics/keyval.sty
Package: keyval 2014/10/28 v1.15 key=value parser (DPC)
\KV@toks@=\toks22
)
(c:/texlive/2020/texmf-dist/tex/latex/graphics/graphics.sty
Package: graphics 2020/08/30 v1.4c Standard LaTeX Graphics (DPC,SPQR)

(c:/texlive/2020/texmf-dist/tex/latex/graphics/trig.sty
Package: trig 2016/01/03 v1.10 sin cos tan (DPC)
)
(c:/texlive/2020/texmf-dist/tex/latex/graphics-cfg/graphics.cfg
File: graphics.cfg 2016/06/04 v1.11 sample graphics configuration
)
Package graphics Info: Driver file: pdftex.def on input line 105.

(c:/texlive/2020/texmf-dist/tex/latex/graphics-def/pdftex.def
File: pdftex.def 2020/10/05 v1.2a Graphics/color driver for pdftex
))
\Gin@req@height=\dimen179
\Gin@req@width=\dimen180
)
(../../commonFiles/comdefs.tex
\c@theorem=\count268
\c@defn=\count269
\c@expl=\count270
\c@parnum=\count271
)
(c:/texlive/2020/texmf-dist/tex/latex/l3backend/l3backend-pdftex.def
File: l3backend-pdftex.def 2020-09-24 L3 backend support: PDF output (pdfTeX)
\l__kernel_color_stack_int=\count272
\l__pdf_internal_box=\box51
)

LaTeX Warning: Unused global option(s):
    [draftnofoot].

(./ANoteOnChannelModel_TVT.aux)
\openout1 = `ANoteOnChannelModel_TVT.aux'.

LaTeX Font Info:    Checking defaults for OML/cmm/m/it on input line 30.
LaTeX Font Info:    ... okay on input line 30.
LaTeX Font Info:    Checking defaults for OMS/cmsy/m/n on input line 30.
LaTeX Font Info:    ... okay on input line 30.
LaTeX Font Info:    Checking defaults for OT1/cmr/m/n on input line 30.
LaTeX Font Info:    ... okay on input line 30.
LaTeX Font Info:    Checking defaults for T1/cmr/m/n on input line 30.
LaTeX Font Info:    ... okay on input line 30.
LaTeX Font Info:    Checking defaults for TS1/cmr/m/n on input line 30.
LaTeX Font Info:    ... okay on input line 30.
LaTeX Font Info:    Checking defaults for OMX/cmex/m/n on input line 30.
LaTeX Font Info:    ... okay on input line 30.
LaTeX Font Info:    Checking defaults for U/cmr/m/n on input line 30.
LaTeX Font Info:    ... okay on input line 30.

-- Lines per column: 48 (approximate, difference = 7.9693pt).
(c:/texlive/2020/texmf-dist/tex/context/base/mkii/supp-pdf.mkii
[Loading MPS to PDF converter (version 2006.09.02).]
\scratchcounter=\count273
\scratchdimen=\dimen181
\scratchbox=\box52
\nofMPsegments=\count274
\nofMParguments=\count275
\everyMPshowfont=\toks23
\MPscratchCnt=\count276
\MPscratchDim=\dimen182
\MPnumerator=\count277
\makeMPintoPDFobject=\count278
\everyMPtoPDFconversion=\toks24
) (c:/texlive/2020/texmf-dist/tex/latex/epstopdf-pkg/epstopdf-base.sty
Package: epstopdf-base 2020-01-24 v2.11 Base part for package epstopdf
Package epstopdf-base Info: Redefining graphics rule for `.eps' on input line 4
85.

(c:/texlive/2020/texmf-dist/tex/latex/latexconfig/epstopdf-sys.cfg
File: epstopdf-sys.cfg 2010/07/13 v1.3 Configuration of (r)epstopdf for TeX Liv
e
)) [1{c:/texlive/2020/texmf-var/fonts/map/pdftex/updmap/pdftex.map}] [2]
LaTeX Font Info:    Calculating math sizes for size <11> on input line 180.
LaTeX Font Info:    Trying to load font information for U+msa on input line 180
.

(c:/texlive/2020/texmf-dist/tex/latex/amsfonts/umsa.fd
File: umsa.fd 2013/01/14 v3.01 AMS symbols A
)
LaTeX Font Info:    Trying to load font information for U+msb on input line 180
.

(c:/texlive/2020/texmf-dist/tex/latex/amsfonts/umsb.fd
File: umsb.fd 2013/01/14 v3.01 AMS symbols B
)
LaTeX Font Info:    Trying to load font information for U+lasy on input line 18
0.

(c:/texlive/2020/texmf-dist/tex/latex/base/ulasy.fd
File: ulasy.fd 1998/08/17 v2.2e LaTeX symbol font definitions
) [3] [4] [5] [6] [7]
[8] [9] [10] (./ANoteOnChannelModel_TVT.bbl) [11]
Package epstopdf Info: Source file: <fig/ofdmpacket_n.eps>
(epstopdf)                    date: 2008-06-09 07:41:14
(epstopdf)                    size: 10359 bytes
(epstopdf)             Output file: <fig/ofdmpacket_n-eps-converted-to.pdf>
(epstopdf)                    date: 2021-01-26 21:52:25
(epstopdf)                    size: 12376 bytes
(epstopdf)             Command: <repstopdf --outfile=fig/ofdmpacket_n-eps-conve
rted-to.pdf fig/ofdmpacket_n.eps>
(epstopdf)             \includegraphics on input line 691.
Package epstopdf Info: Output file is already uptodate.
<fig/ofdmpacket_n-eps-converted-to.pdf, id=52, 699.61375pt x 102.3825pt>
File: fig/ofdmpacket_n-eps-converted-to.pdf Graphic file (type pdf)
<use fig/ofdmpacket_n-eps-converted-to.pdf>
Package pdftex.def Info: fig/ofdmpacket_n-eps-converted-to.pdf  used on input l
ine 691.
(pdftex.def)             Requested size: 493.87895pt x 72.26999pt.
Package epstopdf Info: Source file: <fig/fig_datawaveform.eps>
(epstopdf)                    date: 2008-06-09 07:41:14
(epstopdf)                    size: 13912 bytes
(epstopdf)             Output file: <fig/fig_datawaveform-eps-converted-to.pdf>

(epstopdf)                    date: 2021-01-26 21:52:27
(epstopdf)                    size: 8396 bytes
(epstopdf)             Command: <repstopdf --outfile=fig/fig_datawaveform-eps-c
onverted-to.pdf fig/fig_datawaveform.eps>
(epstopdf)             \includegraphics on input line 699.
Package epstopdf Info: Output file is already uptodate.
<fig/fig_datawaveform-eps-converted-to.pdf, id=53, 362.35374pt x 292.09125pt>
File: fig/fig_datawaveform-eps-converted-to.pdf Graphic file (type pdf)
<use fig/fig_datawaveform-eps-converted-to.pdf>
Package pdftex.def Info: fig/fig_datawaveform-eps-converted-to.pdf  used on inp
ut line 699.
(pdftex.def)             Requested size: 286.90321pt x 231.26378pt.
Package epstopdf Info: Source file: <fig/fig_equivalent_ch1.eps>
(epstopdf)                    date: 2008-06-09 07:41:14
(epstopdf)                    size: 7352 bytes
(epstopdf)             Output file: <fig/fig_equivalent_ch1-eps-converted-to.pd
f>
(epstopdf)                    date: 2021-01-26 21:52:29
(epstopdf)                    size: 6012 bytes
(epstopdf)             Command: <repstopdf --outfile=fig/fig_equivalent_ch1-eps
-converted-to.pdf fig/fig_equivalent_ch1.eps>
(epstopdf)             \includegraphics on input line 709.
Package epstopdf Info: Output file is already uptodate.
<fig/fig_equivalent_ch1-eps-converted-to.pdf, id=54, 492.84125pt x 402.50375pt>

File: fig/fig_equivalent_ch1-eps-converted-to.pdf Graphic file (type pdf)
<use fig/fig_equivalent_ch1-eps-converted-to.pdf>
Package pdftex.def Info: fig/fig_equivalent_ch1-eps-converted-to.pdf  used on i
nput line 709.
(pdftex.def)             Requested size: 283.16342pt x 231.26378pt.
Package epstopdf Info: Source file: <fig/fig_equivalent_ch2.eps>
(epstopdf)                    date: 2008-06-09 07:41:14
(epstopdf)                    size: 7429 bytes
(epstopdf)             Output file: <fig/fig_equivalent_ch2-eps-converted-to.pd
f>
(epstopdf)                    date: 2021-01-26 21:52:31
(epstopdf)                    size: 6016 bytes
(epstopdf)             Command: <repstopdf --outfile=fig/fig_equivalent_ch2-eps
-converted-to.pdf fig/fig_equivalent_ch2.eps>
(epstopdf)             \includegraphics on input line 713.
Package epstopdf Info: Output file is already uptodate.
<fig/fig_equivalent_ch2-eps-converted-to.pdf, id=55, 492.84125pt x 402.50375pt>

File: fig/fig_equivalent_ch2-eps-converted-to.pdf Graphic file (type pdf)
<use fig/fig_equivalent_ch2-eps-converted-to.pdf>
Package pdftex.def Info: fig/fig_equivalent_ch2-eps-converted-to.pdf  used on i
nput line 713.
(pdftex.def)             Requested size: 283.16342pt x 231.26378pt.
Package epstopdf Info: Source file: <fig/fig_equivalent_ch3.eps>
(epstopdf)                    date: 2008-06-09 07:41:14
(epstopdf)                    size: 7885 bytes
(epstopdf)             Output file: <fig/fig_equivalent_ch3-eps-converted-to.pd
f>
(epstopdf)                    date: 2021-01-26 21:52:33
(epstopdf)                    size: 6545 bytes
(epstopdf)             Command: <repstopdf --outfile=fig/fig_equivalent_ch3-eps
-converted-to.pdf fig/fig_equivalent_ch3.eps>
(epstopdf)             \includegraphics on input line 727.
Package epstopdf Info: Output file is already uptodate.
<fig/fig_equivalent_ch3-eps-converted-to.pdf, id=56, 492.84125pt x 402.50375pt>

File: fig/fig_equivalent_ch3-eps-converted-to.pdf Graphic file (type pdf)
<use fig/fig_equivalent_ch3-eps-converted-to.pdf>
Package pdftex.def Info: fig/fig_equivalent_ch3-eps-converted-to.pdf  used on i
nput line 727.
(pdftex.def)             Requested size: 283.16342pt x 231.26378pt.
 [12 <./fig/ofdmpacket_n-eps-converted-to.pdf> <./fig/fig_datawaveform-eps-conv
erted-to.pdf>] [13 <./fig/fig_equivalent_ch1-eps-converted-to.pdf> <./fig/fig_e
quivalent_ch2-eps-converted-to.pdf>] [14 <./fig/fig_equivalent_ch3-eps-converte
d-to.pdf>]
(./ANoteOnChannelModel_TVT.aux) ) 
Here is how much of TeX's memory you used:
 3551 strings out of 479485
 52050 string characters out of 5875909
 332694 words of memory out of 5000000
 20515 multiletter control sequences out of 15000+600000
 574114 words of font info for 115 fonts, out of 8000000 for 9000
 1141 hyphenation exceptions out of 8191
 66i,11n,72p,358b,307s stack positions out of 5000i,500n,10000p,200000b,80000s
{c:/texlive/2020/texmf-dist/fonts/enc/dvips/ba
se/8r.enc}<c:/texlive/2020/texmf-dist/fonts/type1/public/amsfonts/cm/cmbx10.pfb
><c:/texlive/2020/texmf-dist/fonts/type1/public/amsfonts/cm/cmex10.pfb><c:/texl
ive/2020/texmf-dist/fonts/type1/public/amsfonts/cm/cmmi10.pfb><c:/texlive/2020/
texmf-dist/fonts/type1/public/amsfonts/cm/cmmi5.pfb><c:/texlive/2020/texmf-dist
/fonts/type1/public/amsfonts/cm/cmmi6.pfb><c:/texlive/2020/texmf-dist/fonts/typ
e1/public/amsfonts/cm/cmmi8.pfb><c:/texlive/2020/texmf-dist/fonts/type1/public/
amsfonts/cm/cmmi9.pfb><c:/texlive/2020/texmf-dist/fonts/type1/public/amsfonts/c
m/cmr10.pfb><c:/texlive/2020/texmf-dist/fonts/type1/public/amsfonts/cm/cmr5.pfb
><c:/texlive/2020/texmf-dist/fonts/type1/public/amsfonts/cm/cmr8.pfb><c:/texliv
e/2020/texmf-dist/fonts/type1/public/amsfonts/cm/cmr9.pfb><c:/texlive/2020/texm
f-dist/fonts/type1/public/amsfonts/cm/cmsy10.pfb><c:/texlive/2020/texmf-dist/fo
nts/type1/public/amsfonts/cm/cmsy5.pfb><c:/texlive/2020/texmf-dist/fonts/type1/
public/amsfonts/cm/cmsy8.pfb><c:/texlive/2020/texmf-dist/fonts/type1/public/ams
fonts/cm/cmsy9.pfb><c:/texlive/2020/texmf-dist/fonts/type1/public/amsfonts/symb
ols/msbm10.pfb><c:/texlive/2020/texmf-dist/fonts/type1/urw/times/utmb8a.pfb><c:
/texlive/2020/texmf-dist/fonts/type1/urw/times/utmr8a.pfb><c:/texlive/2020/texm
f-dist/fonts/type1/urw/times/utmri8a.pfb>
Output written on ANoteOnChannelModel_TVT.pdf (14 pages, 240220 bytes).
PDF statistics:
 166 PDF objects out of 1000 (max. 8388607)
 116 compressed objects within 2 object streams
 0 named destinations out of 1000 (max. 500000)
 26 words of extra memory for PDF output out of 10000 (max. 10000000)

